{
  "RSpec": {
    "coverage": {
      "/home/rick/code/farmbot/rpi-controller/lib/farmbot-pi.rb": [
        1,
        1,
        1,
        1,
        1,
        1,
        1,
        1,
        null,
        1,
        null,
        null,
        null,
        null,
        1,
        1,
        1,
        null,
        1,
        0,
        0,
        0,
        0,
        0,
        0,
        null,
        null,
        1,
        0,
        0,
        0,
        0,
        0,
        null,
        null,
        null,
        1,
        0,
        0,
        null,
        null,
        1,
        0,
        null,
        0,
        null,
        null,
        null
      ],
      "/home/rick/code/farmbot/rpi-controller/lib/messaging/mqtt.rb": [
        1,
        null,
        1,
        1,
        null,
        null,
        null,
        0,
        0,
        0,
        0,
        null,
        null,
        1,
        0,
        0,
        null,
        null,
        null,
        0,
        0,
        0,
        null,
        null,
        1,
        0,
        null,
        null,
        1,
        0,
        null,
        null,
        1,
        null,
        1,
        null,
        null
      ],
      "/home/rick/code/farmbot/rpi-controller/lib/messaging/message_handler.rb": [
        1,
        1,
        1,
        1,
        1,
        1,
        null,
        1,
        null,
        null,
        null,
        1,
        1,
        null,
        null,
        1,
        4,
        4,
        null,
        4,
        4,
        null,
        null,
        1,
        2,
        1,
        null,
        1,
        null,
        null,
        null,
        1,
        1,
        null,
        null,
        1,
        2,
        2,
        2,
        null,
        null,
        1,
        2,
        null,
        null,
        null,
        null,
        null,
        null,
        null
      ],
      "/home/rick/code/farmbot/rpi-controller/lib/messaging/mesh_message.rb": [
        1,
        null,
        null,
        1,
        1,
        null,
        1,
        16,
        null,
        null,
        null
      ],
      "/home/rick/code/farmbot/rpi-controller/lib/command_objects/build_mesh_message.rb": [
        null,
        1,
        1,
        null,
        1,
        null,
        null,
        null,
        null,
        null,
        null,
        1,
        1,
        1,
        null,
        null,
        1,
        0,
        0,
        0,
        0,
        null,
        null,
        1,
        0,
        null,
        null,
        1,
        null,
        1,
        0,
        null,
        0,
        null,
        null,
        1,
        0,
        0,
        null,
        0,
        0,
        null,
        null,
        null,
        null
      ],
      "/home/rick/code/farmbot/rpi-controller/lib/command_objects/dispose_trash_message.rb": [
        1,
        1,
        null,
        1,
        null,
        null,
        null,
        null,
        1,
        null,
        1,
        1,
        1,
        1,
        null,
        null,
        1,
        4,
        4,
        4,
        null,
        4,
        null,
        null,
        null,
        null,
        1,
        null,
        null,
        null,
        1,
        12,
        12,
        null,
        null,
        null
      ],
      "/home/rick/code/farmbot/rpi-controller/lib/command_objects/resolve_controller.rb": [
        8,
        null,
        1,
        null,
        null,
        null,
        1,
        null,
        1,
        null,
        null,
        null,
        null,
        null,
        null,
        null,
        null,
        1,
        1,
        null,
        null,
        1,
        1,
        null,
        null,
        null
      ],
      "/home/rick/code/farmbot/rpi-controller/lib/controllers/abstract_controller.rb": [
        1,
        null,
        null,
        null,
        1,
        null,
        null,
        null,
        null,
        1,
        1,
        null,
        1,
        0,
        null,
        null,
        1,
        0,
        null,
        null,
        1,
        0,
        null,
        null,
        null,
        null,
        null,
        null
      ],
      "/home/rick/code/farmbot/rpi-controller/lib/command_objects/send_mesh_response.rb": [
        1,
        1,
        null,
        1,
        null,
        null,
        null,
        1,
        1,
        1,
        1,
        1,
        null,
        null,
        1,
        1,
        1,
        null,
        null,
        null,
        1,
        15,
        null,
        null,
        1,
        15,
        15,
        15,
        15,
        null,
        null,
        null
      ],
      "/home/rick/code/farmbot/rpi-controller/lib/command_objects/report_bot_status.rb": [
        1,
        null,
        1,
        null,
        null,
        null,
        null,
        1,
        1,
        1,
        null,
        null,
        1,
        null,
        null,
        null,
        null,
        12,
        null,
        null,
        null,
        1,
        null,
        1,
        null,
        null,
        null,
        null,
        72,
        72,
        12,
        null,
        null,
        1,
        12,
        null,
        null,
        1,
        12,
        168,
        168,
        168,
        null,
        null,
        null,
        null
      ],
      "/home/rick/code/farmbot/rpi-controller/lib/command_objects/commands.rb": [
        1,
        1,
        1,
        null,
        1,
        1,
        1,
        1,
        1,
        1,
        1,
        1,
        1,
        1,
        1,
        1,
        1,
        1,
        1
      ],
      "/home/rick/code/farmbot/rpi-controller/lib/command_objects/create_step.rb": [
        1,
        1,
        null,
        null,
        null,
        1,
        1,
        1,
        1,
        1,
        1,
        1,
        1,
        1,
        1,
        1,
        1,
        1,
        1,
        1,
        1,
        null,
        null,
        null,
        null,
        1,
        12,
        null,
        null,
        null
      ],
      "/home/rick/code/farmbot/rpi-controller/lib/models/step.rb": [
        1,
        null,
        null,
        1,
        1,
        null,
        1,
        null,
        null,
        null,
        1,
        null,
        1,
        4,
        0,
        null,
        null
      ],
      "/home/rick/code/farmbot/rpi-controller/lib/command_objects/exec_step.rb": [
        1,
        null,
        1,
        null,
        null,
        null,
        1,
        1,
        null,
        1,
        1,
        1,
        null,
        null,
        1,
        8,
        8,
        6,
        6,
        1,
        null,
        null,
        1,
        14,
        null,
        14,
        null,
        13,
        13,
        null,
        null,
        1,
        1,
        1,
        1,
        null,
        null,
        1,
        1,
        null,
        null,
        null,
        null,
        1,
        1,
        null,
        null,
        null,
        1,
        1,
        null,
        null,
        1,
        1,
        null,
        null,
        null,
        null,
        null,
        null,
        1,
        null,
        null,
        1,
        1,
        null,
        null,
        1,
        1,
        null,
        null,
        1,
        1,
        null,
        null,
        null
      ],
      "/home/rick/code/farmbot/rpi-controller/lib/command_objects/create_sequence.rb": [
        1,
        null,
        1,
        null,
        null,
        1,
        1,
        1,
        1,
        2,
        null,
        null,
        1,
        13,
        null,
        null,
        null
      ],
      "/home/rick/code/farmbot/rpi-controller/lib/models/sequence.rb": [
        1,
        null,
        null,
        null,
        1,
        1,
        1,
        null,
        1,
        null,
        2,
        4,
        null,
        null,
        1,
        1,
        1,
        0,
        0,
        0,
        0,
        null,
        null,
        null
      ],
      "/home/rick/code/farmbot/rpi-controller/lib/command_objects/sync_bot.rb": [
        1,
        null,
        null,
        null,
        null,
        null,
        null,
        1,
        2,
        null,
        1,
        4,
        4,
        4,
        4,
        12,
        3,
        6,
        7,
        null,
        3,
        null,
        1,
        null,
        null,
        1,
        9,
        3,
        3,
        null,
        null,
        null
      ],
      "/home/rick/code/farmbot/rpi-controller/lib/command_objects/create_schedule.rb": [
        1,
        1,
        null,
        1,
        null,
        null,
        null,
        null,
        1,
        1,
        1,
        1,
        1,
        1,
        1,
        1,
        null,
        null,
        1,
        1,
        null,
        null,
        1,
        3,
        3,
        null,
        null,
        null,
        1,
        3,
        null,
        null,
        null
      ],
      "/home/rick/code/farmbot/rpi-controller/lib/models/schedule.rb": [
        null,
        null,
        1,
        1,
        1,
        1,
        null
      ],
      "/home/rick/code/farmbot/rpi-controller/lib/command_objects/create_plant.rb": [
        1,
        null,
        1,
        null,
        null,
        1,
        1,
        1,
        1,
        1,
        null,
        null,
        1,
        6,
        null,
        null,
        1,
        6,
        null,
        null,
        null
      ],
      "/home/rick/code/farmbot/rpi-controller/lib/models/plant.rb": [
        null,
        1,
        null
      ],
      "/home/rick/code/farmbot/rpi-controller/lib/command_objects/fetch_bot_status.rb": [
        1,
        null,
        1,
        null,
        null,
        null,
        null,
        null,
        null,
        null,
        1,
        1,
        null,
        1,
        1,
        null,
        null,
        1,
        1,
        1,
        1,
        null,
        null,
        1,
        15,
        null,
        null,
        1,
        24,
        null,
        null,
        null
      ],
      "/home/rick/code/farmbot/rpi-controller/lib/command_objects/if_statement.rb": [
        1,
        null,
        null,
        null,
        null,
        null,
        null,
        1,
        1,
        1,
        1,
        1,
        1,
        1,
        null,
        null,
        1,
        2,
        null,
        null,
        1,
        null,
        1,
        null,
        2,
        2,
        2,
        2,
        2,
        null,
        null,
        null
      ],
      "/home/rick/code/farmbot/rpi-controller/lib/command_objects/send_message.rb": [
        1,
        1,
        1,
        null,
        1,
        null,
        null,
        1,
        1,
        null,
        1,
        1,
        1,
        null,
        null,
        1,
        3,
        null,
        null,
        1,
        null,
        1,
        null,
        null,
        3,
        null,
        null,
        null
      ],
      "/home/rick/code/farmbot/rpi-controller/lib/telemetry_message.rb": [
        1,
        null,
        null,
        null,
        1,
        null,
        1,
        null,
        null,
        null,
        null,
        null,
        null,
        null,
        null,
        null,
        null,
        1,
        null,
        4,
        4,
        null,
        null,
        1,
        null,
        null,
        0,
        0,
        null,
        null,
        null,
        null,
        null
      ],
      "/home/rick/code/farmbot/rpi-controller/lib/command_objects/read_pin.rb": [
        1,
        1,
        null,
        1,
        null,
        null,
        null,
        null,
        1,
        1,
        1,
        1,
        null,
        null,
        1,
        1,
        null,
        null,
        null,
        null
      ],
      "/home/rick/code/farmbot/rpi-controller/lib/command_objects/cold_start.rb": [
        1,
        1,
        1,
        null,
        null,
        null,
        null,
        1,
        1,
        null,
        null,
        null,
        null,
        1,
        1,
        null,
        null,
        null,
        1,
        1,
        1,
        1,
        1,
        null,
        null,
        1,
        null,
        1,
        1,
        null,
        null,
        1,
        1,
        1,
        1,
        1,
        5,
        5,
        null,
        null,
        null,
        1,
        1,
        1,
        null,
        null,
        1,
        null,
        null,
        null,
        1,
        null,
        1,
        2,
        null,
        1,
        1,
        null,
        null,
        null
      ],
      "/home/rick/code/farmbot/rpi-controller/lib/command_objects/update_calibration.rb": [
        1,
        1,
        null,
        null,
        1,
        1,
        null,
        1,
        1,
        1,
        1,
        null,
        null,
        null,
        null,
        null,
        null,
        null,
        null,
        null,
        null,
        null,
        null,
        null,
        null,
        null,
        50,
        null,
        null,
        null,
        null,
        1,
        1,
        0,
        0,
        null,
        0,
        null,
        null,
        0,
        0,
        null,
        null,
        null,
        1,
        null,
        null,
        null,
        null
      ],
      "/home/rick/code/farmbot/rpi-controller/lib/chores/chore_runner.rb": [
        1,
        1,
        null,
        null,
        null,
        1,
        1,
        1,
        null,
        1,
        5,
        null,
        null,
        1,
        2,
        null,
        null,
        1,
        2,
        null,
        null,
        1,
        1,
        null,
        null,
        null,
        1,
        null,
        null,
        1,
        null,
        null,
        null
      ],
      "/home/rick/code/farmbot/rpi-controller/lib/chores/schedule_chore.rb": [
        1,
        1,
        null,
        null,
        null,
        null,
        1,
        1,
        null,
        1,
        7,
        null,
        null,
        1,
        1,
        null,
        null,
        1,
        3,
        2,
        null,
        1,
        1,
        null,
        3,
        null,
        null,
        1,
        1,
        3,
        null,
        null,
        1,
        1,
        null,
        null,
        1,
        5,
        null,
        null,
        1,
        null,
        2,
        4,
        4,
        null,
        null,
        null
      ],
      "/home/rick/code/farmbot/rpi-controller/lib/models/status_storage.rb": [
        1,
        null,
        null,
        null,
        null,
        null,
        null,
        null,
        null,
        1,
        1,
        1,
        null,
        1,
        null,
        null,
        null,
        null,
        null,
        null,
        null,
        null,
        1,
        3,
        null,
        1,
        22,
        44,
        null,
        null,
        null,
        1,
        88,
        null,
        null,
        null,
        1,
        12,
        12,
        56,
        null,
        null,
        null,
        1,
        12,
        24,
        null,
        null,
        1,
        5,
        4,
        null,
        null,
        16,
        null,
        null,
        null,
        1,
        null,
        1,
        29,
        1,
        null,
        null,
        null,
        null,
        null
      ],
      "/home/rick/code/farmbot/rpi-controller/lib/bot_decorator.rb": [
        1,
        null,
        1,
        null,
        null,
        null,
        1,
        1,
        null,
        1,
        null,
        null,
        null,
        null,
        5,
        5,
        5,
        null,
        null,
        1,
        0,
        0,
        0,
        0,
        null,
        null,
        null,
        null,
        1,
        0,
        null,
        null,
        1,
        1,
        null,
        null,
        null,
        1,
        1,
        null,
        null,
        1,
        1,
        null,
        null,
        1,
        1,
        null,
        null,
        null,
        1,
        null,
        null,
        null,
        8,
        2,
        null,
        null,
        null
      ],
      "/home/rick/code/farmbot/rpi-controller/lib/settings.rb": [
        1,
        1,
        1,
        1,
        1,
        1,
        0,
        0,
        null,
        null,
        1,
        1,
        null,
        null,
        1,
        0,
        0,
        0,
        0,
        0,
        null,
        null,
        null
      ],
      "/home/rick/code/farmbot/rpi-controller/lib/rest_client.rb": [
        null,
        1,
        1,
        null,
        1,
        1,
        1,
        1,
        null,
        null,
        null,
        null,
        null,
        null,
        null,
        null,
        1,
        0,
        0,
        0,
        0,
        0,
        null,
        null,
        null,
        null,
        null,
        1,
        0,
        0,
        0,
        null,
        0,
        null,
        null,
        null
      ],
      "/home/rick/code/farmbot/rpi-controller/lib/secret_file.rb": [
        null,
        null,
        1,
        1,
        null,
        1,
        1,
        null,
        1,
        0,
        null,
        null,
        1,
        null,
        null,
        0,
        null,
        null,
        null,
        1,
        null,
        0,
        0,
        0,
        null,
        null,
        1,
        0,
        0,
        0,
        null,
        null,
        1,
        0,
        0,
        null,
        0,
        null,
        null,
        null,
        null
      ],
      "/home/rick/code/farmbot/rpi-controller/lib/controllers/exec_sequence_controller.rb": [
        1,
        1,
        null,
        1,
        null,
        null,
        1,
        1,
        2,
        1,
        1,
        null,
        1,
        null,
        null,
        1,
        3,
        null,
        null,
        1,
        3,
        null,
        null,
        null
      ]
    },
    "timestamp": 1472482175
  }
}
